    3   5  10
  1 1     0.000     0.001     0.001     0.010    -2.000     2.000
  1 2     0.000     0.001     0.001     0.010    -2.000     2.000
  1 3     0.000     0.001     0.001     0.010    -2.000     2.000
    0     0     0.000     0.000     0.000     4.000
    1     3     0.002     0.002     0.002     3.984
    2     6     0.005     0.005     0.005     3.960
    3     9     0.009     0.009     0.009     3.928
    4    12     0.014     0.014     0.014     3.889
    5    15     0.020     0.020     0.020     3.842
    6    18     0.027     0.027     0.027     3.787
    7    21     0.035     0.035     0.035     3.725
    8    24     0.044     0.044     0.044     3.656
    9    27     0.054     0.054     0.054     3.580
   10    30     0.065     0.065     0.065     3.497
   11    33     0.077     0.077     0.077     3.408
   12    36     0.090     0.090     0.090     3.312
   13    39     0.104     0.104     0.104     3.211
   14    42     0.119     0.119     0.119     3.105
   15    45     0.135     0.135     0.135     2.993
   16    48     0.152     0.152     0.152     2.876
   17    51     0.170     0.170     0.170     2.756
   18    54     0.189     0.189     0.189     2.631
   19    57     0.209     0.209     0.209     2.503
   20    60     0.230     0.230     0.230     2.372
   21    63     0.252     0.252     0.252     2.238
   22    66     0.275     0.275     0.275     2.102
   23    69     0.299     0.299     0.299     1.966
   24    72     0.324     0.324     0.324     1.828
   25    75     0.350     0.350     0.350     1.690
   26    78     0.377     0.377     0.377     1.553
   27    81     0.405     0.405     0.405     1.416
   28    84     0.434     0.434     0.434     1.281
   29    87     0.464     0.464     0.464     1.149
   30    90     0.495     0.495     0.495     1.020
   31    93     0.527     0.527     0.527     0.895
   32    96     0.560     0.560     0.560     0.774
   33    99     0.594     0.594     0.594     0.659
   34   102     0.629     0.629     0.629     0.551
   35   105     0.665     0.665     0.665     0.449
   36   108     0.702     0.702     0.702     0.355
   37   111     0.740     0.740     0.740     0.270
   38   114     0.779     0.779     0.779     0.195
   39   117     0.819     0.819     0.819     0.131
   40   120     0.860     0.860     0.860     0.078
   41   123     0.902     0.902     0.902     0.038
   42   126     0.945     0.945     0.945     0.012
   43   129     0.989     0.989     0.989     0.000
   44   132     1.034     1.034     1.034     0.005
   45   141     0.992     0.992     0.992     0.000
   46   144     0.995     0.995     0.995     0.000
   47   147     0.999     0.999     0.999     0.000
   48   150     1.004     1.004     1.004     0.000
    STEP    0.0000    0.0000    0.0000
  SEARCH TERMINATED   217 FUNCTION EVALUATIONS

  1 4     1.000     0.000     0.001     0.010    -2.000
  1 4     1.000     0.000     0.001     0.010    -2.000
  1 4     1.000     0.000     0.001     0.010    -2.000
