    4   7  25
  1 1     3.000     0.001     0.001     0.150    -4.000     4.000
  1 2    -1.000     0.001     0.001     0.150    -2.000     2.000
  1 3     0.000     0.001     0.001     0.150    -1.000     1.000
  1 4     1.000     0.001     0.001     0.150    -1.000     3.000
    0     0     3.000    -1.000     0.000     1.000   215.000
    1     5     2.998    -0.998     0.002     1.002   213.480
    2    10     2.995    -0.995     0.005     1.005   211.216
    3    15     2.991    -0.991     0.009     1.009   208.226
    4    20     2.986    -0.986     0.014     1.014   204.535
    5    25     2.980    -0.980     0.020     1.020   200.174
    6    30     2.973    -0.973     0.027     1.027   195.177
    7    35     2.965    -0.965     0.035     1.035   189.586
    8    40     2.956    -0.956     0.044     1.044   183.445
    9    45     2.946    -0.946     0.054     1.054   176.806
   10    50     2.935    -0.935     0.065     1.065   169.722
   11    55     2.923    -0.923     0.077     1.077   162.249
   12    60     2.910    -0.910     0.090     1.090   154.448
   13    66     2.896    -0.896     0.100     1.104   146.377
   14    72     2.881    -0.881     0.109     1.119   138.100
   15    78     2.865    -0.865     0.117     1.135   129.681
   16    84     2.848    -0.848     0.124     1.152   121.184
   17    90     2.830    -0.830     0.130     1.170   112.674
   18    95     2.811    -0.811     0.139     1.189   104.214
   19   100     2.791    -0.791     0.149     1.209    95.865
   20   105     2.770    -0.770     0.160     1.230    87.686
   21   110     2.748    -0.748     0.172     1.252    79.733
   22   115     2.725    -0.725     0.185     1.275    72.059
   23   120     2.701    -0.701     0.199     1.299    64.712
   24   125     2.676    -0.676     0.214     1.324    57.737
   25   130     2.650    -0.650     0.230     1.350    51.174
   26   135     2.623    -0.623     0.247     1.377    45.055
   27   140     2.595    -0.595     0.265     1.405    39.409
   28   145     2.566    -0.566     0.284     1.434    34.259
   29   151     2.536    -0.536     0.300     1.464    29.621
   30   157     2.505    -0.505     0.315     1.495    25.505
   31   162     2.473    -0.473     0.333     1.527    21.914
   32   167     2.440    -0.440     0.352     1.560    18.848
   33   172     2.406    -0.406     0.372     1.594    16.298
   34   177     2.371    -0.371     0.393     1.629    14.255
   35   183     2.335    -0.335     0.413     1.665    12.700
   36   190     2.298    -0.298     0.433     1.698    11.598
   37   196     2.260    -0.260     0.455     1.730    10.907
   38   203     2.221    -0.221     0.476     1.761    10.597
   39   210     2.181    -0.181     0.497     1.791    10.647
   40   225     2.218    -0.218     0.476     1.758    10.541
   41   231     2.215    -0.215     0.478     1.755    10.486
   42   238     2.211    -0.211     0.477     1.751    10.415
   43   244     2.206    -0.206     0.479     1.746    10.331
   44   250     2.200    -0.200     0.482     1.740    10.236
   45   257     2.193    -0.193     0.484     1.733    10.134
   46   264     2.185    -0.185     0.486     1.725    10.028
   47   272     2.176    -0.180     0.488     1.716     9.915
   48   280     2.166    -0.176     0.488     1.706     9.791
   49   288     2.155    -0.173     0.487     1.695     9.656
   50   296     2.143    -0.171     0.487     1.683     9.506
   51   304     2.130    -0.170     0.485     1.670     9.343
   52   312     2.116    -0.170     0.484     1.656     9.166
   53   320     2.101    -0.171     0.481     1.641     8.976
   54   328     2.085    -0.173     0.477     1.625     8.777
   55   336     2.068    -0.176     0.474     1.608     8.569
   56   344     2.050    -0.180     0.469     1.590     8.356
   57   350     2.031    -0.181     0.467     1.571     8.136
   58   357     2.011    -0.181     0.464     1.551     7.909
   59   364     1.990    -0.180     0.461     1.530     7.672
   60   371     1.968    -0.178     0.458     1.508     7.428
   61   377     1.945    -0.175     0.457     1.485     7.176
   62   384     1.921    -0.171     0.455     1.461     6.918
   63   391     1.896    -0.166     0.453     1.436     6.656
   64   398     1.870    -0.160     0.451     1.410     6.391
   65   406     1.843    -0.157     0.449     1.383     6.123
   66   414     1.815    -0.155     0.445     1.355     5.851
   67   422     1.786    -0.154     0.440     1.326     5.576
   68   430     1.756    -0.154     0.436     1.296     5.301
   69   438     1.725    -0.153     0.430     1.265     5.025
   70   444     1.693    -0.150     0.427     1.233     4.749
   71   451     1.660    -0.146     0.423     1.200     4.475
   72   459     1.626    -0.143     0.417     1.166     4.202
   73   467     1.591    -0.142     0.412     1.131     3.933
   74   474     1.555    -0.138     0.407     1.095     3.666
   75   482     1.518    -0.135     0.402     1.058     3.405
   76   490     1.480    -0.132     0.395     1.020     3.149
   77   498     1.441    -0.129     0.389     0.981     2.900
   78   506     1.401    -0.126     0.381     0.941     2.657
   79   514     1.360    -0.123     0.374     0.900     2.424
   80   522     1.318    -0.120     0.365     0.858     2.199
   81   528     1.275    -0.115     0.359     0.815     1.985
   82   536     1.231    -0.113     0.350     0.771     1.781
   83   543     1.186    -0.108     0.340     0.726     1.590
   84   551     1.140    -0.106     0.329     0.682     1.410
   85   557     1.093    -0.101     0.317     0.640     1.241
   86   563     1.045    -0.097     0.308     0.599     1.083
   87   570     0.996    -0.093     0.298     0.559     0.935
   88   577     0.946    -0.089     0.288     0.520     0.797
   89   584     0.895    -0.085     0.276     0.482     0.670
   90   590     0.843    -0.079     0.265     0.445     0.553
   91   597     0.790    -0.076     0.252     0.409     0.448
   92   602     0.736    -0.070     0.242     0.374     0.354
   93   609     0.681    -0.065     0.229     0.340     0.273
   94   616     0.625    -0.060     0.215     0.307     0.203
   95   623     0.568    -0.055     0.200     0.275     0.145
   96   630     0.510    -0.050     0.186     0.244     0.099
   97   636     0.451    -0.043     0.170     0.214     0.063
   98   643     0.391    -0.039     0.153     0.185     0.037
   99   649     0.330    -0.032     0.137     0.157     0.020
  100   657     0.268    -0.026     0.119     0.128     0.009
  101   664     0.205    -0.020     0.100     0.101     0.004
  102   671     0.141    -0.014     0.080     0.075     0.001
  103   678     0.076    -0.008     0.059     0.050     0.001
  104   684     0.014    -0.002     0.037     0.026     0.001
  105   689    -0.047     0.006     0.014     0.003     0.001
  106   703     0.013    -0.001     0.034     0.029     0.000
  107   710     0.010    -0.001     0.031     0.032     0.000
  108   717     0.008    -0.001     0.031     0.034     0.000
    STEP    0.0001    0.0001    0.0001    0.0001
  109   738     0.010    -0.001     0.032     0.032     0.000
  110   746     0.010    -0.001     0.031     0.031     0.000
  111   754     0.010    -0.001     0.031     0.031     0.000
  112   762     0.010    -0.001     0.030     0.030     0.000
  113   770     0.010    -0.001     0.029     0.029     0.000
  114   778     0.010    -0.001     0.028     0.028     0.000
  115   786     0.010    -0.001     0.027     0.027     0.000
  116   794     0.010    -0.001     0.025     0.025     0.000
  117   802     0.010    -0.001     0.024     0.024     0.000
  118   809     0.010    -0.001     0.022     0.022     0.000
  119   817     0.010    -0.001     0.021     0.021     0.000
  120   825     0.010    -0.001     0.019     0.019     0.000
  121   833     0.010    -0.001     0.018     0.018     0.000
  122   841     0.010    -0.001     0.016     0.016     0.000
  123   849     0.010    -0.001     0.015     0.015     0.000
  124   857     0.010    -0.001     0.013     0.013     0.000
  125   865     0.010    -0.001     0.012     0.012     0.000
  126   873     0.010    -0.001     0.010     0.010     0.000
  127   881     0.010    -0.001     0.009     0.009     0.000
  128   889     0.010    -0.001     0.007     0.007     0.000
  129   897     0.010    -0.001     0.006     0.006     0.000
  130   905     0.010    -0.001     0.004     0.004     0.000
  131   913     0.010    -0.001     0.003     0.003     0.000
  SEARCH TERMINATED  1061 FUNCTION EVALUATIONS

  1 5     0.010     0.000     0.001     0.150    -4.000
  1 5    -0.001     0.000     0.001     0.150    -2.000
  1 5     0.004     0.000     0.001     0.150    -1.000
  1 5     0.004     0.000     0.001     0.150    -1.000
