    3   6  50
  1 1     1.000     0.001     0.001     0.050    -4.000     0.000
  1 2     1.000     0.001     0.001     0.050     2.000     2.000
  1 3     1.111     0.001     0.001     0.050    -1.000     3.000
    0     0     1.000     1.000     1.111    35.889
    1     5     0.998     0.998     1.113    35.843
    2    11     0.995     0.995     1.114    35.773
    3    17     0.991     0.991     1.115    35.681
    4    22     0.986     0.986     1.118    35.566
    5    27     0.980     0.980     1.122    35.428
    6    32     0.973     0.973     1.127    35.268
    7    38     0.965     0.965     1.131    35.085
    8    44     0.956     0.956     1.135    34.880
    9    49     0.946     0.946     1.141    34.653
   10    54     0.935     0.935     1.148    34.405
   11    60     0.923     0.923     1.154    34.134
   12    66     0.910     0.910     1.160    33.843
   13    71     0.896     0.896     1.168    33.531
   14    76     0.881     0.881     1.177    33.198
   15    81     0.865     0.865     1.187    32.846
   16    87     0.848     0.848     1.196    32.474
   17    93     0.830     0.830     1.205    32.082
   18    98     0.811     0.811     1.216    31.672
   19   103     0.791     0.791     1.228    31.243
   20   109     0.770     0.770     1.239    30.797
   21   115     0.748     0.748     1.250    30.333
   22   120     0.725     0.725     1.263    29.853
   23   125     0.701     0.701     1.277    29.356
   24   130     0.676     0.676     1.292    28.844
   25   136     0.650     0.650     1.306    28.317
   26   142     0.623     0.623     1.320    27.776
   27   147     0.595     0.595     1.336    27.221
   28   152     0.566     0.566     1.353    26.654
   29   158     0.536     0.536     1.369    26.074
   30   164     0.505     0.505     1.385    25.483
   31   169     0.473     0.473     1.403    24.882
   32   174     0.440     0.440     1.422    24.271
   33   179     0.406     0.406     1.442    23.651
   34   185     0.371     0.371     1.461    23.022
   35   191     0.335     0.335     1.480    22.387
   36   196     0.298     0.298     1.501    21.746
   37   201     0.260     0.260     1.523    21.099
   38   207     0.221     0.221     1.544    20.448
   39   213     0.181     0.181     1.565    19.793
   40   218     0.140     0.140     1.588    19.136
   41   223     0.098     0.098     1.612    18.478
   42   228     0.055     0.055     1.637    17.819
   43   234     0.011     0.011     1.661    17.162
   44   240    -0.034    -0.034     1.685    16.506
   45   245    -0.080    -0.080     1.711    15.854
   46   250    -0.127    -0.127     1.738    15.205
   47   256    -0.175    -0.175     1.764    14.563
   48   262    -0.224    -0.224     1.790    13.927
   49   267    -0.274    -0.274     1.818    13.298
   50   272    -0.325    -0.325     1.847    12.679
   51   277    -0.377    -0.377     1.877    12.071
   52   283    -0.430    -0.430     1.906    11.474
   53   289    -0.484    -0.484     1.935    10.890
   54   294    -0.539    -0.539     1.966    10.321
   55   299    -0.595    -0.595     1.998     9.768
   56   305    -0.652    -0.652     2.029     9.232
   57   311    -0.710    -0.710     2.060     8.715
   58   316    -0.769    -0.769     2.093     8.218
   59   321    -0.829    -0.829     2.127     7.743
   60   326    -0.890    -0.890     2.162     7.291
   61   332    -0.952    -0.952     2.196     6.864
   62   337    -1.015    -1.011     2.228     6.462
   63   342    -1.079    -1.069     2.261     6.085
   64   347    -1.144    -1.126     2.294     5.734
   65   352    -1.210    -1.182     2.327     5.409
   66   357    -1.277    -1.237     2.358     5.110
   67   362    -1.345    -1.291     2.390     4.837
   68   367    -1.414    -1.344     2.422     4.591
   69   372    -1.484    -1.396     2.452     4.372
   70   377    -1.555    -1.447     2.483     4.180
   71   382    -1.627    -1.497     2.512     4.016
   72   387    -1.700    -1.546     2.542     3.880
   73   392    -1.774    -1.594     2.572     3.773
   74   397    -1.849    -1.641     2.602     3.695
   75   402    -1.925    -1.687     2.630     3.646
   76   407    -2.002    -1.732     2.659     3.627
   77   412    -2.080    -1.776     2.688     3.638
   78   422    -2.005    -1.729     2.657     3.612
   79   426    -2.008    -1.726     2.658     3.597
   80   431    -2.012    -1.722     2.656     3.578
   81   436    -2.017    -1.717     2.653     3.553
   82   440    -2.023    -1.711     2.653     3.524
   83   445    -2.030    -1.704     2.650     3.490
   84   450    -2.038    -1.696     2.646     3.451
   85   454    -2.047    -1.687     2.645     3.408
   86   459    -2.057    -1.677     2.641     3.360
   87   464    -2.068    -1.666     2.636     3.308
   88   468    -2.080    -1.654     2.634     3.252
   89   473    -2.093    -1.641     2.629     3.191
   90   478    -2.107    -1.627     2.623     3.127
   91   482    -2.122    -1.612     2.620     3.060
   92   487    -2.138    -1.596     2.614     2.988
   93   492    -2.155    -1.579     2.607     2.914
   94   496    -2.173    -1.561     2.603     2.836
   95   501    -2.192    -1.542     2.596     2.755
   96   506    -2.212    -1.522     2.588     2.672
   97   510    -2.233    -1.501     2.583     2.586
   98   515    -2.255    -1.479     2.575     2.498
   99   520    -2.278    -1.456     2.566     2.408
  100   524    -2.302    -1.432     2.560     2.316
  101   529    -2.327    -1.407     2.551     2.223
  102   534    -2.353    -1.381     2.541     2.129
  103   538    -2.380    -1.354     2.534     2.034
  104   543    -2.408    -1.326     2.524     1.939
  105   548    -2.437    -1.297     2.513     1.843
  106   552    -2.467    -1.267     2.505     1.748
  107   557    -2.498    -1.236     2.494     1.654
  108   562    -2.530    -1.204     2.482     1.560
  109   566    -2.563    -1.171     2.473     1.468
  110   571    -2.597    -1.137     2.461     1.378
  111   576    -2.632    -1.102     2.448     1.289
  112   580    -2.668    -1.066     2.438     1.204
  113   585    -2.705    -1.029     2.425     1.121
  114   589    -2.739    -0.991     2.411     1.042
  115   593    -2.772    -0.952     2.398     0.965
  116   597    -2.804    -0.912     2.383     0.891
  117   601    -2.835    -0.871     2.369     0.819
  118   605    -2.865    -0.829     2.353     0.750
  119   609    -2.894    -0.786     2.338     0.684
  120   613    -2.922    -0.742     2.321     0.620
  121   617    -2.949    -0.697     2.305     0.559
  122   621    -2.975    -0.651     2.287     0.501
  123   625    -3.000    -0.604     2.268     0.446
  124   629    -3.024    -0.556     2.250     0.394
  125   633    -3.047    -0.507     2.230     0.345
  126   637    -3.069    -0.457     2.211     0.299
  127   641    -3.090    -0.406     2.190     0.257
  128   645    -3.110    -0.354     2.170     0.219
  129   649    -3.129    -0.301     2.148     0.185
  130   653    -3.147    -0.247     2.127     0.156
  131   657    -3.164    -0.192     2.104     0.131
  132   661    -3.180    -0.136     2.080     0.111
  133   665    -3.195    -0.079     2.057     0.097
  134   669    -3.209    -0.021     2.032     0.088
  135   673    -3.222     0.038     2.008     0.085
  136   677    -3.234     0.098     1.982     0.090
  137   685    -3.219     0.041     2.007     0.083
  138   689    -3.216     0.044     2.005     0.080
  139   693    -3.212     0.048     2.002     0.076
  140   697    -3.207     0.053     2.000     0.072
  141   701    -3.201     0.059     1.996     0.067
  142   705    -3.194     0.066     1.993     0.062
  143   709    -3.186     0.074     1.988     0.057
  144   713    -3.177     0.083     1.982     0.051
  145   717    -3.167     0.091     1.979     0.046
  146   722    -3.156     0.097     1.973     0.041
  147   726    -3.144     0.102     1.970     0.036
  148   730    -3.131     0.106     1.968     0.031
  149   735    -3.117     0.109     1.965     0.026
  150   740    -3.102     0.111     1.962     0.022
  151   745    -3.086     0.112     1.959     0.019
  152   749    -3.069     0.112     1.958     0.016
  153   754    -3.051     0.111     1.956     0.014
  154   758    -3.032     0.109     1.956     0.013
  155   764    -3.014     0.106     1.955     0.012
  156   770    -2.998     0.102     1.954     0.013
  157   780    -3.017     0.103     1.957     0.012
  158   786    -3.020     0.100     1.958     0.011
  159   792    -3.024     0.096     1.959     0.010
  160   797    -3.029     0.091     1.962     0.009
  161   801    -3.031     0.085     1.966     0.008
  162   806    -3.032     0.078     1.969     0.007
  163   811    -3.032     0.070     1.972     0.005
  164   815    -3.031     0.061     1.977     0.004
  165   820    -3.029     0.051     1.981     0.003
  166   825    -3.026     0.040     1.985     0.002
  167   830    -3.022     0.028     1.989     0.001
  168   834    -3.017     0.015     1.995     0.001
  169   838    -3.011     0.001     2.002     0.000
  170   843    -3.004    -0.012     2.006     0.000
  171   851    -3.008     0.003     1.999     0.000
  172   855    -3.005     0.006     1.998     0.000
  173   860    -3.001     0.006     1.997     0.000
  174   865    -2.998     0.005     1.998     0.000
  175   871    -2.997     0.003     1.998     0.000
  176   876    -2.997    -0.000     2.000     0.000
  177   882    -2.998    -0.004     2.001     0.000
  178   892    -3.000     0.001     2.000     0.000
  179   898    -3.001    -0.000     2.000     0.000
    STEP    0.0001    0.0001    0.0001
  SEARCH TERMINATED  1095 FUNCTION EVALUATIONS

  1 4    -3.000     0.000     0.001     0.050    -4.000
  1 4    -0.000     0.000     0.001     0.050     2.000
  1 4     2.000     0.000     0.001     0.050    -1.000
