    2   2  50
  1 1     2.500     0.001     0.001     0.500    -2.500     2.500
  1 2     2.500     0.001     0.001     0.500    -2.500     2.500
    0     0     2.500     2.500  1408.500
    1     3     2.498     2.502  1399.511
    2     6     2.495     2.505  1386.094
    3     9     2.491     2.509  1368.325
    4    12     2.486     2.514  1346.308
    5    15     2.480     2.520  1320.171
    6    18     2.473     2.527  1290.067
    7    21     2.465     2.535  1256.174
    8    24     2.456     2.544  1218.690
    9    27     2.446     2.554  1177.837
   10    30     2.435     2.565  1133.860
   11    33     2.423     2.577  1087.022
   12    36     2.410     2.590  1037.605
   13    39     2.396     2.604   985.910
   14    42     2.381     2.619   932.255
   15    45     2.365     2.635   876.973
   16    48     2.348     2.652   820.409
   17    51     2.330     2.670   762.922
   18    54     2.311     2.689   704.881
   19    57     2.291     2.709   646.665
   20    60     2.270     2.730   588.657
   21    63     2.248     2.752   531.250
   22    66     2.225     2.775   474.835
   23    69     2.201     2.799   419.809
   24    72     2.176     2.824   366.566
   25    75     2.150     2.850   315.498
   26    78     2.123     2.877   266.993
   27    81     2.095     2.905   221.432
   28    84     2.066     2.934   179.187
   29    87     2.036     2.964   140.619
   30    90     2.005     2.995   106.078
   31    93     1.973     3.027    75.895
   32    96     1.940     3.060    50.389
   33    99     1.906     3.094    29.855
   34   102     1.871     3.129    14.570
   35   105     1.835     3.165     4.787
   36   108     1.798     3.202     0.732
   37   111     1.760     3.240     2.605
   38   117     1.795     3.205     0.661
   39   120     1.792     3.208     0.628
   40   124     1.788     3.210     0.638
   41   131     1.789     3.206     0.626
   42   134     1.790     3.203     0.624
   43   138     1.788     3.199     0.621
   44   142     1.787     3.194     0.619
   45   146     1.786     3.188     0.618
   46   150     1.783     3.181     0.613
   47   154     1.781     3.173     0.610
   48   158     1.779     3.164     0.607
   49   162     1.775     3.154     0.602
   50   166     1.772     3.143     0.597
   51   170     1.769     3.131     0.592
   52   174     1.766     3.118     0.587
   53   178     1.761     3.104     0.580
   54   182     1.757     3.089     0.573
   55   186     1.753     3.073     0.567
   56   190     1.747     3.056     0.560
   57   193     1.744     3.040     0.554
   58   197     1.738     3.022     0.545
   59   201     1.733     3.003     0.537
   60   205     1.726     2.983     0.529
   61   208     1.722     2.964     0.521
   62   212     1.715     2.943     0.512
   63   216     1.709     2.921     0.503
   64   220     1.701     2.898     0.494
   65   223     1.696     2.874     0.485
   66   227     1.688     2.849     0.473
   67   231     1.679     2.823     0.463
   68   234     1.673     2.796     0.454
   69   238     1.664     2.770     0.441
   70   242     1.656     2.742     0.430
   71   246     1.646     2.713     0.419
   72   249     1.639     2.685     0.408
   73   253     1.629     2.655     0.396
   74   257     1.620     2.624     0.384
   75   261     1.609     2.592     0.372
   76   265     1.599     2.559     0.359
   77   269     1.589     2.525     0.347
   78   273     1.577     2.490     0.334
   79   277     1.566     2.454     0.321
   80   281     1.555     2.417     0.308
   81   285     1.542     2.379     0.294
   82   289     1.530     2.340     0.281
   83   293     1.516     2.300     0.267
   84   297     1.503     2.259     0.253
   85   301     1.488     2.217     0.239
   86   305     1.474     2.174     0.225
   87   309     1.460     2.130     0.212
   88   313     1.444     2.085     0.197
   89   317     1.427     2.039     0.183
   90   321     1.411     1.992     0.169
   91   325     1.395     1.944     0.156
   92   329     1.377     1.895     0.142
   93   333     1.358     1.845     0.128
   94   337     1.340     1.794     0.116
   95   341     1.320     1.742     0.102
   96   345     1.299     1.689     0.090
   97   349     1.279     1.635     0.078
   98   353     1.257     1.580     0.066
   99   357     1.236     1.526     0.056
  100   361     1.213     1.470     0.046
  101   365     1.189     1.413     0.036
  102   369     1.164     1.355     0.027
  103   373     1.140     1.298     0.020
  104   377     1.114     1.239     0.013
  105   381     1.087     1.181     0.008
  106   384     1.061     1.125     0.004
  107   387     1.035     1.070     0.001
  108   391     1.007     1.012     0.000
  109   395     0.978     0.955     0.001
    STEP    0.0005    0.0005
  SEARCH TERMINATED   517 FUNCTION EVALUATIONS

  1 3     1.006     0.001     0.001     0.500    -2.500
  1 3     1.012     0.001     0.001     0.500    -2.500
